<?xml version="1.0" encoding="UTF-8"?>
<!-- Generated by org.testng.reporters.JUnitReportReporter -->
<testsuite skipped="0" hostname="PHANs-MacBook-Pro.local" name="com.test.e2e_tests.OrderFlowTest" tests="11" failures="0" timestamp="2022-03-06T22:53:32 ICT" time="39.141" errors="0">
  <testcase name="createNewProduct" time="16.380" classname="com.test.e2e_tests.OrderFlowTest"/>
  <system-out/>
  <testcase name="goToProductsPage" time="1.372" classname="com.test.e2e_tests.OrderFlowTest"/>
  <system-out/>
  <testcase name="clickOnApplicationMenu" time="0.060" classname="com.test.e2e_tests.OrderFlowTest"/>
  <system-out/>
  <testcase name="updateManufactoringOrder" time="2.285" classname="com.test.e2e_tests.OrderFlowTest"/>
  <system-out/>
  <testcase name="clickOnManufacturingIcon" time="1.885" classname="com.test.e2e_tests.OrderFlowTest"/>
  <system-out/>
  <testcase name="launchUrl" time="4.081" classname="com.test.e2e_tests.OrderFlowTest"/>
  <system-out/>
  <testcase name="login" time="9.622" classname="com.test.e2e_tests.OrderFlowTest"/>
  <system-out/>
  <testcase name="updateQuantity" time="1.270" classname="com.test.e2e_tests.OrderFlowTest"/>
  <system-out/>
  <testcase name="createManufactoringOrder" time="1.132" classname="com.test.e2e_tests.OrderFlowTest"/>
  <system-out/>
  <testcase name="navigateInventoryFeature" time="0.934" classname="com.test.e2e_tests.OrderFlowTest"/>
  <system-out/>
  <testcase name="verifyOrderDetails" time="0.120" classname="com.test.e2e_tests.OrderFlowTest"/>
  <system-out/>
</testsuite> <!-- com.test.e2e_tests.OrderFlowTest -->
